ERROR - 2023-09-04 07:55:24 --> Error connecting to the database: mysqli_sql_exception: Access denied for user 'root'@'localhost' (using password: YES) in C:\Users\Pierry\Desktop\Trabalho\CodeIgniterPHP\codeigniter4-framework-30008a0\system\Database\MySQLi\Connection.php:184
Stack trace:
#0 C:\Users\Pierry\Desktop\Trabalho\CodeIgniterPHP\codeigniter4-framework-30008a0\system\Database\MySQLi\Connection.php(184): mysqli->real_connect('localhost', 'root', Object(SensitiveParameterValue), 'ci4', 3306, '', 0)
#1 C:\Users\Pierry\Desktop\Trabalho\CodeIgniterPHP\codeigniter4-framework-30008a0\system\Database\BaseConnection.php(391): CodeIgniter\Database\MySQLi\Connection->connect(false)
#2 C:\Users\Pierry\Desktop\Trabalho\CodeIgniterPHP\codeigniter4-framework-30008a0\system\Database\BaseConnection.php(574): CodeIgniter\Database\BaseConnection->initialize()
#3 C:\Users\Pierry\Desktop\Trabalho\CodeIgniterPHP\codeigniter4-framework-30008a0\system\Database\BaseConnection.php(1409): CodeIgniter\Database\BaseConnection->query('SHOW TABLES FRO...')
#4 C:\Users\Pierry\Desktop\Trabalho\CodeIgniterPHP\codeigniter4-framework-30008a0\system\Database\BaseConnection.php(1428): CodeIgniter\Database\BaseConnection->listTables()
#5 C:\Users\Pierry\Desktop\Trabalho\CodeIgniterPHP\codeigniter4-framework-30008a0\system\Database\MigrationRunner.php(768): CodeIgniter\Database\BaseConnection->tableExists('migrations')
#6 C:\Users\Pierry\Desktop\Trabalho\CodeIgniterPHP\codeigniter4-framework-30008a0\system\Database\MigrationRunner.php(168): CodeIgniter\Database\MigrationRunner->ensureTable()
#7 C:\Users\Pierry\Desktop\Trabalho\CodeIgniterPHP\codeigniter4-framework-30008a0\system\Commands\Database\Migrate.php(84): CodeIgniter\Database\MigrationRunner->latest(NULL)
#8 C:\Users\Pierry\Desktop\Trabalho\CodeIgniterPHP\codeigniter4-framework-30008a0\system\CLI\Commands.php(65): CodeIgniter\Commands\Database\Migrate->run(Array)
#9 C:\Users\Pierry\Desktop\Trabalho\CodeIgniterPHP\codeigniter4-framework-30008a0\system\CLI\Console.php(37): CodeIgniter\CLI\Commands->run('migrate', Array)
#10 C:\Users\Pierry\Desktop\Trabalho\CodeIgniterPHP\codeigniter4-framework-30008a0\spark(102): CodeIgniter\CLI\Console->run()
#11 {main}

Next CodeIgniter\Database\Exceptions\DatabaseException: Access denied for user '****'@'localhost' (using password: YES) in C:\Users\Pierry\Desktop\Trabalho\CodeIgniterPHP\codeigniter4-framework-30008a0\system\Database\MySQLi\Connection.php:229
Stack trace:
#0 C:\Users\Pierry\Desktop\Trabalho\CodeIgniterPHP\codeigniter4-framework-30008a0\system\Database\BaseConnection.php(391): CodeIgniter\Database\MySQLi\Connection->connect(false)
#1 C:\Users\Pierry\Desktop\Trabalho\CodeIgniterPHP\codeigniter4-framework-30008a0\system\Database\BaseConnection.php(574): CodeIgniter\Database\BaseConnection->initialize()
#2 C:\Users\Pierry\Desktop\Trabalho\CodeIgniterPHP\codeigniter4-framework-30008a0\system\Database\BaseConnection.php(1409): CodeIgniter\Database\BaseConnection->query('SHOW TABLES FRO...')
#3 C:\Users\Pierry\Desktop\Trabalho\CodeIgniterPHP\codeigniter4-framework-30008a0\system\Database\BaseConnection.php(1428): CodeIgniter\Database\BaseConnection->listTables()
#4 C:\Users\Pierry\Desktop\Trabalho\CodeIgniterPHP\codeigniter4-framework-30008a0\system\Database\MigrationRunner.php(768): CodeIgniter\Database\BaseConnection->tableExists('migrations')
#5 C:\Users\Pierry\Desktop\Trabalho\CodeIgniterPHP\codeigniter4-framework-30008a0\system\Database\MigrationRunner.php(168): CodeIgniter\Database\MigrationRunner->ensureTable()
#6 C:\Users\Pierry\Desktop\Trabalho\CodeIgniterPHP\codeigniter4-framework-30008a0\system\Commands\Database\Migrate.php(84): CodeIgniter\Database\MigrationRunner->latest(NULL)
#7 C:\Users\Pierry\Desktop\Trabalho\CodeIgniterPHP\codeigniter4-framework-30008a0\system\CLI\Commands.php(65): CodeIgniter\Commands\Database\Migrate->run(Array)
#8 C:\Users\Pierry\Desktop\Trabalho\CodeIgniterPHP\codeigniter4-framework-30008a0\system\CLI\Console.php(37): CodeIgniter\CLI\Commands->run('migrate', Array)
#9 C:\Users\Pierry\Desktop\Trabalho\CodeIgniterPHP\codeigniter4-framework-30008a0\spark(102): CodeIgniter\CLI\Console->run()
#10 {main}
ERROR - 2023-09-04 07:57:00 --> Error connecting to the database: mysqli_sql_exception: Access denied for user 'root'@'localhost' (using password: YES) in C:\Users\Pierry\Desktop\Trabalho\CodeIgniterPHP\codeigniter4-framework-30008a0\system\Database\MySQLi\Connection.php:184
Stack trace:
#0 C:\Users\Pierry\Desktop\Trabalho\CodeIgniterPHP\codeigniter4-framework-30008a0\system\Database\MySQLi\Connection.php(184): mysqli->real_connect('localhost', 'root', Object(SensitiveParameterValue), 'ci4', 3306, '', 0)
#1 C:\Users\Pierry\Desktop\Trabalho\CodeIgniterPHP\codeigniter4-framework-30008a0\system\Database\BaseConnection.php(391): CodeIgniter\Database\MySQLi\Connection->connect(false)
#2 C:\Users\Pierry\Desktop\Trabalho\CodeIgniterPHP\codeigniter4-framework-30008a0\system\Database\BaseConnection.php(574): CodeIgniter\Database\BaseConnection->initialize()
#3 C:\Users\Pierry\Desktop\Trabalho\CodeIgniterPHP\codeigniter4-framework-30008a0\system\Database\BaseConnection.php(1409): CodeIgniter\Database\BaseConnection->query('SHOW TABLES FRO...')
#4 C:\Users\Pierry\Desktop\Trabalho\CodeIgniterPHP\codeigniter4-framework-30008a0\system\Database\BaseConnection.php(1428): CodeIgniter\Database\BaseConnection->listTables()
#5 C:\Users\Pierry\Desktop\Trabalho\CodeIgniterPHP\codeigniter4-framework-30008a0\system\Database\MigrationRunner.php(768): CodeIgniter\Database\BaseConnection->tableExists('migrations')
#6 C:\Users\Pierry\Desktop\Trabalho\CodeIgniterPHP\codeigniter4-framework-30008a0\system\Database\MigrationRunner.php(168): CodeIgniter\Database\MigrationRunner->ensureTable()
#7 C:\Users\Pierry\Desktop\Trabalho\CodeIgniterPHP\codeigniter4-framework-30008a0\system\Commands\Database\Migrate.php(84): CodeIgniter\Database\MigrationRunner->latest(NULL)
#8 C:\Users\Pierry\Desktop\Trabalho\CodeIgniterPHP\codeigniter4-framework-30008a0\system\CLI\Commands.php(65): CodeIgniter\Commands\Database\Migrate->run(Array)
#9 C:\Users\Pierry\Desktop\Trabalho\CodeIgniterPHP\codeigniter4-framework-30008a0\system\CLI\Console.php(37): CodeIgniter\CLI\Commands->run('migrate', Array)
#10 C:\Users\Pierry\Desktop\Trabalho\CodeIgniterPHP\codeigniter4-framework-30008a0\spark(102): CodeIgniter\CLI\Console->run()
#11 {main}

Next CodeIgniter\Database\Exceptions\DatabaseException: Access denied for user '****'@'localhost' (using password: YES) in C:\Users\Pierry\Desktop\Trabalho\CodeIgniterPHP\codeigniter4-framework-30008a0\system\Database\MySQLi\Connection.php:229
Stack trace:
#0 C:\Users\Pierry\Desktop\Trabalho\CodeIgniterPHP\codeigniter4-framework-30008a0\system\Database\BaseConnection.php(391): CodeIgniter\Database\MySQLi\Connection->connect(false)
#1 C:\Users\Pierry\Desktop\Trabalho\CodeIgniterPHP\codeigniter4-framework-30008a0\system\Database\BaseConnection.php(574): CodeIgniter\Database\BaseConnection->initialize()
#2 C:\Users\Pierry\Desktop\Trabalho\CodeIgniterPHP\codeigniter4-framework-30008a0\system\Database\BaseConnection.php(1409): CodeIgniter\Database\BaseConnection->query('SHOW TABLES FRO...')
#3 C:\Users\Pierry\Desktop\Trabalho\CodeIgniterPHP\codeigniter4-framework-30008a0\system\Database\BaseConnection.php(1428): CodeIgniter\Database\BaseConnection->listTables()
#4 C:\Users\Pierry\Desktop\Trabalho\CodeIgniterPHP\codeigniter4-framework-30008a0\system\Database\MigrationRunner.php(768): CodeIgniter\Database\BaseConnection->tableExists('migrations')
#5 C:\Users\Pierry\Desktop\Trabalho\CodeIgniterPHP\codeigniter4-framework-30008a0\system\Database\MigrationRunner.php(168): CodeIgniter\Database\MigrationRunner->ensureTable()
#6 C:\Users\Pierry\Desktop\Trabalho\CodeIgniterPHP\codeigniter4-framework-30008a0\system\Commands\Database\Migrate.php(84): CodeIgniter\Database\MigrationRunner->latest(NULL)
#7 C:\Users\Pierry\Desktop\Trabalho\CodeIgniterPHP\codeigniter4-framework-30008a0\system\CLI\Commands.php(65): CodeIgniter\Commands\Database\Migrate->run(Array)
#8 C:\Users\Pierry\Desktop\Trabalho\CodeIgniterPHP\codeigniter4-framework-30008a0\system\CLI\Console.php(37): CodeIgniter\CLI\Commands->run('migrate', Array)
#9 C:\Users\Pierry\Desktop\Trabalho\CodeIgniterPHP\codeigniter4-framework-30008a0\spark(102): CodeIgniter\CLI\Console->run()
#10 {main}
ERROR - 2023-09-04 08:00:23 --> Error connecting to the database: mysqli_sql_exception: Access denied for user 'root'@'localhost' (using password: YES) in C:\Users\Pierry\Desktop\Trabalho\CodeIgniterPHP\codeigniter4-framework-30008a0\system\Database\MySQLi\Connection.php:184
Stack trace:
#0 C:\Users\Pierry\Desktop\Trabalho\CodeIgniterPHP\codeigniter4-framework-30008a0\system\Database\MySQLi\Connection.php(184): mysqli->real_connect('localhost', 'root', Object(SensitiveParameterValue), 'ci4', 3306, '', 0)
#1 C:\Users\Pierry\Desktop\Trabalho\CodeIgniterPHP\codeigniter4-framework-30008a0\system\Database\BaseConnection.php(391): CodeIgniter\Database\MySQLi\Connection->connect(false)
#2 C:\Users\Pierry\Desktop\Trabalho\CodeIgniterPHP\codeigniter4-framework-30008a0\system\Database\BaseConnection.php(574): CodeIgniter\Database\BaseConnection->initialize()
#3 C:\Users\Pierry\Desktop\Trabalho\CodeIgniterPHP\codeigniter4-framework-30008a0\system\Database\BaseConnection.php(1409): CodeIgniter\Database\BaseConnection->query('SHOW TABLES FRO...')
#4 C:\Users\Pierry\Desktop\Trabalho\CodeIgniterPHP\codeigniter4-framework-30008a0\system\Database\BaseConnection.php(1428): CodeIgniter\Database\BaseConnection->listTables()
#5 C:\Users\Pierry\Desktop\Trabalho\CodeIgniterPHP\codeigniter4-framework-30008a0\system\Database\MigrationRunner.php(768): CodeIgniter\Database\BaseConnection->tableExists('migrations')
#6 C:\Users\Pierry\Desktop\Trabalho\CodeIgniterPHP\codeigniter4-framework-30008a0\system\Database\MigrationRunner.php(168): CodeIgniter\Database\MigrationRunner->ensureTable()
#7 C:\Users\Pierry\Desktop\Trabalho\CodeIgniterPHP\codeigniter4-framework-30008a0\system\Commands\Database\Migrate.php(84): CodeIgniter\Database\MigrationRunner->latest(NULL)
#8 C:\Users\Pierry\Desktop\Trabalho\CodeIgniterPHP\codeigniter4-framework-30008a0\system\CLI\Commands.php(65): CodeIgniter\Commands\Database\Migrate->run(Array)
#9 C:\Users\Pierry\Desktop\Trabalho\CodeIgniterPHP\codeigniter4-framework-30008a0\system\CLI\Console.php(37): CodeIgniter\CLI\Commands->run('migrate', Array)
#10 C:\Users\Pierry\Desktop\Trabalho\CodeIgniterPHP\codeigniter4-framework-30008a0\spark(102): CodeIgniter\CLI\Console->run()
#11 {main}

Next CodeIgniter\Database\Exceptions\DatabaseException: Access denied for user '****'@'localhost' (using password: YES) in C:\Users\Pierry\Desktop\Trabalho\CodeIgniterPHP\codeigniter4-framework-30008a0\system\Database\MySQLi\Connection.php:229
Stack trace:
#0 C:\Users\Pierry\Desktop\Trabalho\CodeIgniterPHP\codeigniter4-framework-30008a0\system\Database\BaseConnection.php(391): CodeIgniter\Database\MySQLi\Connection->connect(false)
#1 C:\Users\Pierry\Desktop\Trabalho\CodeIgniterPHP\codeigniter4-framework-30008a0\system\Database\BaseConnection.php(574): CodeIgniter\Database\BaseConnection->initialize()
#2 C:\Users\Pierry\Desktop\Trabalho\CodeIgniterPHP\codeigniter4-framework-30008a0\system\Database\BaseConnection.php(1409): CodeIgniter\Database\BaseConnection->query('SHOW TABLES FRO...')
#3 C:\Users\Pierry\Desktop\Trabalho\CodeIgniterPHP\codeigniter4-framework-30008a0\system\Database\BaseConnection.php(1428): CodeIgniter\Database\BaseConnection->listTables()
#4 C:\Users\Pierry\Desktop\Trabalho\CodeIgniterPHP\codeigniter4-framework-30008a0\system\Database\MigrationRunner.php(768): CodeIgniter\Database\BaseConnection->tableExists('migrations')
#5 C:\Users\Pierry\Desktop\Trabalho\CodeIgniterPHP\codeigniter4-framework-30008a0\system\Database\MigrationRunner.php(168): CodeIgniter\Database\MigrationRunner->ensureTable()
#6 C:\Users\Pierry\Desktop\Trabalho\CodeIgniterPHP\codeigniter4-framework-30008a0\system\Commands\Database\Migrate.php(84): CodeIgniter\Database\MigrationRunner->latest(NULL)
#7 C:\Users\Pierry\Desktop\Trabalho\CodeIgniterPHP\codeigniter4-framework-30008a0\system\CLI\Commands.php(65): CodeIgniter\Commands\Database\Migrate->run(Array)
#8 C:\Users\Pierry\Desktop\Trabalho\CodeIgniterPHP\codeigniter4-framework-30008a0\system\CLI\Console.php(37): CodeIgniter\CLI\Commands->run('migrate', Array)
#9 C:\Users\Pierry\Desktop\Trabalho\CodeIgniterPHP\codeigniter4-framework-30008a0\spark(102): CodeIgniter\CLI\Console->run()
#10 {main}
ERROR - 2023-09-04 08:03:50 --> Error connecting to the database: mysqli_sql_exception: Access denied for user 'root'@'localhost' (using password: YES) in C:\Users\Pierry\Desktop\Trabalho\CodeIgniterPHP\codeigniter4-framework-30008a0\system\Database\MySQLi\Connection.php:184
Stack trace:
#0 C:\Users\Pierry\Desktop\Trabalho\CodeIgniterPHP\codeigniter4-framework-30008a0\system\Database\MySQLi\Connection.php(184): mysqli->real_connect('localhost', 'root', Object(SensitiveParameterValue), 'ci4', 3306, '', 0)
#1 C:\Users\Pierry\Desktop\Trabalho\CodeIgniterPHP\codeigniter4-framework-30008a0\system\Database\BaseConnection.php(391): CodeIgniter\Database\MySQLi\Connection->connect(false)
#2 C:\Users\Pierry\Desktop\Trabalho\CodeIgniterPHP\codeigniter4-framework-30008a0\system\Database\BaseConnection.php(574): CodeIgniter\Database\BaseConnection->initialize()
#3 C:\Users\Pierry\Desktop\Trabalho\CodeIgniterPHP\codeigniter4-framework-30008a0\system\Database\BaseConnection.php(1409): CodeIgniter\Database\BaseConnection->query('SHOW TABLES FRO...')
#4 C:\Users\Pierry\Desktop\Trabalho\CodeIgniterPHP\codeigniter4-framework-30008a0\system\Database\BaseConnection.php(1428): CodeIgniter\Database\BaseConnection->listTables()
#5 C:\Users\Pierry\Desktop\Trabalho\CodeIgniterPHP\codeigniter4-framework-30008a0\system\Database\MigrationRunner.php(768): CodeIgniter\Database\BaseConnection->tableExists('migrations')
#6 C:\Users\Pierry\Desktop\Trabalho\CodeIgniterPHP\codeigniter4-framework-30008a0\system\Database\MigrationRunner.php(168): CodeIgniter\Database\MigrationRunner->ensureTable()
#7 C:\Users\Pierry\Desktop\Trabalho\CodeIgniterPHP\codeigniter4-framework-30008a0\system\Commands\Database\Migrate.php(84): CodeIgniter\Database\MigrationRunner->latest(NULL)
#8 C:\Users\Pierry\Desktop\Trabalho\CodeIgniterPHP\codeigniter4-framework-30008a0\system\CLI\Commands.php(65): CodeIgniter\Commands\Database\Migrate->run(Array)
#9 C:\Users\Pierry\Desktop\Trabalho\CodeIgniterPHP\codeigniter4-framework-30008a0\system\CLI\Console.php(37): CodeIgniter\CLI\Commands->run('migrate', Array)
#10 C:\Users\Pierry\Desktop\Trabalho\CodeIgniterPHP\codeigniter4-framework-30008a0\spark(102): CodeIgniter\CLI\Console->run()
#11 {main}

Next CodeIgniter\Database\Exceptions\DatabaseException: Access denied for user '****'@'localhost' (using password: YES) in C:\Users\Pierry\Desktop\Trabalho\CodeIgniterPHP\codeigniter4-framework-30008a0\system\Database\MySQLi\Connection.php:229
Stack trace:
#0 C:\Users\Pierry\Desktop\Trabalho\CodeIgniterPHP\codeigniter4-framework-30008a0\system\Database\BaseConnection.php(391): CodeIgniter\Database\MySQLi\Connection->connect(false)
#1 C:\Users\Pierry\Desktop\Trabalho\CodeIgniterPHP\codeigniter4-framework-30008a0\system\Database\BaseConnection.php(574): CodeIgniter\Database\BaseConnection->initialize()
#2 C:\Users\Pierry\Desktop\Trabalho\CodeIgniterPHP\codeigniter4-framework-30008a0\system\Database\BaseConnection.php(1409): CodeIgniter\Database\BaseConnection->query('SHOW TABLES FRO...')
#3 C:\Users\Pierry\Desktop\Trabalho\CodeIgniterPHP\codeigniter4-framework-30008a0\system\Database\BaseConnection.php(1428): CodeIgniter\Database\BaseConnection->listTables()
#4 C:\Users\Pierry\Desktop\Trabalho\CodeIgniterPHP\codeigniter4-framework-30008a0\system\Database\MigrationRunner.php(768): CodeIgniter\Database\BaseConnection->tableExists('migrations')
#5 C:\Users\Pierry\Desktop\Trabalho\CodeIgniterPHP\codeigniter4-framework-30008a0\system\Database\MigrationRunner.php(168): CodeIgniter\Database\MigrationRunner->ensureTable()
#6 C:\Users\Pierry\Desktop\Trabalho\CodeIgniterPHP\codeigniter4-framework-30008a0\system\Commands\Database\Migrate.php(84): CodeIgniter\Database\MigrationRunner->latest(NULL)
#7 C:\Users\Pierry\Desktop\Trabalho\CodeIgniterPHP\codeigniter4-framework-30008a0\system\CLI\Commands.php(65): CodeIgniter\Commands\Database\Migrate->run(Array)
#8 C:\Users\Pierry\Desktop\Trabalho\CodeIgniterPHP\codeigniter4-framework-30008a0\system\CLI\Console.php(37): CodeIgniter\CLI\Commands->run('migrate', Array)
#9 C:\Users\Pierry\Desktop\Trabalho\CodeIgniterPHP\codeigniter4-framework-30008a0\spark(102): CodeIgniter\CLI\Console->run()
#10 {main}
ERROR - 2023-09-04 08:04:47 --> Error connecting to the database: mysqli_sql_exception: Access denied for user 'root'@'localhost' (using password: YES) in C:\Users\Pierry\Desktop\Trabalho\CodeIgniterPHP\codeigniter4-framework-30008a0\system\Database\MySQLi\Connection.php:184
Stack trace:
#0 C:\Users\Pierry\Desktop\Trabalho\CodeIgniterPHP\codeigniter4-framework-30008a0\system\Database\MySQLi\Connection.php(184): mysqli->real_connect('localhost', 'root', Object(SensitiveParameterValue), 'ci4', 3306, '', 0)
#1 C:\Users\Pierry\Desktop\Trabalho\CodeIgniterPHP\codeigniter4-framework-30008a0\system\Database\BaseConnection.php(391): CodeIgniter\Database\MySQLi\Connection->connect(false)
#2 C:\Users\Pierry\Desktop\Trabalho\CodeIgniterPHP\codeigniter4-framework-30008a0\system\Database\BaseConnection.php(574): CodeIgniter\Database\BaseConnection->initialize()
#3 C:\Users\Pierry\Desktop\Trabalho\CodeIgniterPHP\codeigniter4-framework-30008a0\system\Database\BaseConnection.php(1409): CodeIgniter\Database\BaseConnection->query('SHOW TABLES FRO...')
#4 C:\Users\Pierry\Desktop\Trabalho\CodeIgniterPHP\codeigniter4-framework-30008a0\system\Database\BaseConnection.php(1428): CodeIgniter\Database\BaseConnection->listTables()
#5 C:\Users\Pierry\Desktop\Trabalho\CodeIgniterPHP\codeigniter4-framework-30008a0\system\Database\MigrationRunner.php(768): CodeIgniter\Database\BaseConnection->tableExists('migrations')
#6 C:\Users\Pierry\Desktop\Trabalho\CodeIgniterPHP\codeigniter4-framework-30008a0\system\Database\MigrationRunner.php(168): CodeIgniter\Database\MigrationRunner->ensureTable()
#7 C:\Users\Pierry\Desktop\Trabalho\CodeIgniterPHP\codeigniter4-framework-30008a0\system\Commands\Database\Migrate.php(84): CodeIgniter\Database\MigrationRunner->latest(NULL)
#8 C:\Users\Pierry\Desktop\Trabalho\CodeIgniterPHP\codeigniter4-framework-30008a0\system\CLI\Commands.php(65): CodeIgniter\Commands\Database\Migrate->run(Array)
#9 C:\Users\Pierry\Desktop\Trabalho\CodeIgniterPHP\codeigniter4-framework-30008a0\system\CLI\Console.php(37): CodeIgniter\CLI\Commands->run('migrate', Array)
#10 C:\Users\Pierry\Desktop\Trabalho\CodeIgniterPHP\codeigniter4-framework-30008a0\spark(102): CodeIgniter\CLI\Console->run()
#11 {main}

Next CodeIgniter\Database\Exceptions\DatabaseException: Access denied for user '****'@'localhost' (using password: YES) in C:\Users\Pierry\Desktop\Trabalho\CodeIgniterPHP\codeigniter4-framework-30008a0\system\Database\MySQLi\Connection.php:229
Stack trace:
#0 C:\Users\Pierry\Desktop\Trabalho\CodeIgniterPHP\codeigniter4-framework-30008a0\system\Database\BaseConnection.php(391): CodeIgniter\Database\MySQLi\Connection->connect(false)
#1 C:\Users\Pierry\Desktop\Trabalho\CodeIgniterPHP\codeigniter4-framework-30008a0\system\Database\BaseConnection.php(574): CodeIgniter\Database\BaseConnection->initialize()
#2 C:\Users\Pierry\Desktop\Trabalho\CodeIgniterPHP\codeigniter4-framework-30008a0\system\Database\BaseConnection.php(1409): CodeIgniter\Database\BaseConnection->query('SHOW TABLES FRO...')
#3 C:\Users\Pierry\Desktop\Trabalho\CodeIgniterPHP\codeigniter4-framework-30008a0\system\Database\BaseConnection.php(1428): CodeIgniter\Database\BaseConnection->listTables()
#4 C:\Users\Pierry\Desktop\Trabalho\CodeIgniterPHP\codeigniter4-framework-30008a0\system\Database\MigrationRunner.php(768): CodeIgniter\Database\BaseConnection->tableExists('migrations')
#5 C:\Users\Pierry\Desktop\Trabalho\CodeIgniterPHP\codeigniter4-framework-30008a0\system\Database\MigrationRunner.php(168): CodeIgniter\Database\MigrationRunner->ensureTable()
#6 C:\Users\Pierry\Desktop\Trabalho\CodeIgniterPHP\codeigniter4-framework-30008a0\system\Commands\Database\Migrate.php(84): CodeIgniter\Database\MigrationRunner->latest(NULL)
#7 C:\Users\Pierry\Desktop\Trabalho\CodeIgniterPHP\codeigniter4-framework-30008a0\system\CLI\Commands.php(65): CodeIgniter\Commands\Database\Migrate->run(Array)
#8 C:\Users\Pierry\Desktop\Trabalho\CodeIgniterPHP\codeigniter4-framework-30008a0\system\CLI\Console.php(37): CodeIgniter\CLI\Commands->run('migrate', Array)
#9 C:\Users\Pierry\Desktop\Trabalho\CodeIgniterPHP\codeigniter4-framework-30008a0\spark(102): CodeIgniter\CLI\Console->run()
#10 {main}
ERROR - 2023-09-04 08:04:51 --> Error connecting to the database: mysqli_sql_exception: Access denied for user 'root'@'localhost' (using password: YES) in C:\Users\Pierry\Desktop\Trabalho\CodeIgniterPHP\codeigniter4-framework-30008a0\system\Database\MySQLi\Connection.php:184
Stack trace:
#0 C:\Users\Pierry\Desktop\Trabalho\CodeIgniterPHP\codeigniter4-framework-30008a0\system\Database\MySQLi\Connection.php(184): mysqli->real_connect('localhost', 'root', Object(SensitiveParameterValue), 'ci4', 3306, '', 0)
#1 C:\Users\Pierry\Desktop\Trabalho\CodeIgniterPHP\codeigniter4-framework-30008a0\system\Database\BaseConnection.php(391): CodeIgniter\Database\MySQLi\Connection->connect(false)
#2 C:\Users\Pierry\Desktop\Trabalho\CodeIgniterPHP\codeigniter4-framework-30008a0\system\Database\BaseConnection.php(574): CodeIgniter\Database\BaseConnection->initialize()
#3 C:\Users\Pierry\Desktop\Trabalho\CodeIgniterPHP\codeigniter4-framework-30008a0\system\Database\BaseConnection.php(1409): CodeIgniter\Database\BaseConnection->query('SHOW TABLES FRO...')
#4 C:\Users\Pierry\Desktop\Trabalho\CodeIgniterPHP\codeigniter4-framework-30008a0\system\Database\BaseConnection.php(1428): CodeIgniter\Database\BaseConnection->listTables()
#5 C:\Users\Pierry\Desktop\Trabalho\CodeIgniterPHP\codeigniter4-framework-30008a0\system\Database\MigrationRunner.php(768): CodeIgniter\Database\BaseConnection->tableExists('migrations')
#6 C:\Users\Pierry\Desktop\Trabalho\CodeIgniterPHP\codeigniter4-framework-30008a0\system\Database\MigrationRunner.php(168): CodeIgniter\Database\MigrationRunner->ensureTable()
#7 C:\Users\Pierry\Desktop\Trabalho\CodeIgniterPHP\codeigniter4-framework-30008a0\system\Commands\Database\Migrate.php(84): CodeIgniter\Database\MigrationRunner->latest(NULL)
#8 C:\Users\Pierry\Desktop\Trabalho\CodeIgniterPHP\codeigniter4-framework-30008a0\system\CLI\Commands.php(65): CodeIgniter\Commands\Database\Migrate->run(Array)
#9 C:\Users\Pierry\Desktop\Trabalho\CodeIgniterPHP\codeigniter4-framework-30008a0\system\CLI\Console.php(37): CodeIgniter\CLI\Commands->run('migrate', Array)
#10 C:\Users\Pierry\Desktop\Trabalho\CodeIgniterPHP\codeigniter4-framework-30008a0\spark(102): CodeIgniter\CLI\Console->run()
#11 {main}

Next CodeIgniter\Database\Exceptions\DatabaseException: Access denied for user '****'@'localhost' (using password: YES) in C:\Users\Pierry\Desktop\Trabalho\CodeIgniterPHP\codeigniter4-framework-30008a0\system\Database\MySQLi\Connection.php:229
Stack trace:
#0 C:\Users\Pierry\Desktop\Trabalho\CodeIgniterPHP\codeigniter4-framework-30008a0\system\Database\BaseConnection.php(391): CodeIgniter\Database\MySQLi\Connection->connect(false)
#1 C:\Users\Pierry\Desktop\Trabalho\CodeIgniterPHP\codeigniter4-framework-30008a0\system\Database\BaseConnection.php(574): CodeIgniter\Database\BaseConnection->initialize()
#2 C:\Users\Pierry\Desktop\Trabalho\CodeIgniterPHP\codeigniter4-framework-30008a0\system\Database\BaseConnection.php(1409): CodeIgniter\Database\BaseConnection->query('SHOW TABLES FRO...')
#3 C:\Users\Pierry\Desktop\Trabalho\CodeIgniterPHP\codeigniter4-framework-30008a0\system\Database\BaseConnection.php(1428): CodeIgniter\Database\BaseConnection->listTables()
#4 C:\Users\Pierry\Desktop\Trabalho\CodeIgniterPHP\codeigniter4-framework-30008a0\system\Database\MigrationRunner.php(768): CodeIgniter\Database\BaseConnection->tableExists('migrations')
#5 C:\Users\Pierry\Desktop\Trabalho\CodeIgniterPHP\codeigniter4-framework-30008a0\system\Database\MigrationRunner.php(168): CodeIgniter\Database\MigrationRunner->ensureTable()
#6 C:\Users\Pierry\Desktop\Trabalho\CodeIgniterPHP\codeigniter4-framework-30008a0\system\Commands\Database\Migrate.php(84): CodeIgniter\Database\MigrationRunner->latest(NULL)
#7 C:\Users\Pierry\Desktop\Trabalho\CodeIgniterPHP\codeigniter4-framework-30008a0\system\CLI\Commands.php(65): CodeIgniter\Commands\Database\Migrate->run(Array)
#8 C:\Users\Pierry\Desktop\Trabalho\CodeIgniterPHP\codeigniter4-framework-30008a0\system\CLI\Console.php(37): CodeIgniter\CLI\Commands->run('migrate', Array)
#9 C:\Users\Pierry\Desktop\Trabalho\CodeIgniterPHP\codeigniter4-framework-30008a0\spark(102): CodeIgniter\CLI\Console->run()
#10 {main}
ERROR - 2023-09-04 08:06:07 --> Error connecting to the database: mysqli_sql_exception: Access denied for user 'root'@'localhost' (using password: YES) in C:\Users\Pierry\Desktop\Trabalho\CodeIgniterPHP\codeigniter4-framework-30008a0\system\Database\MySQLi\Connection.php:184
Stack trace:
#0 C:\Users\Pierry\Desktop\Trabalho\CodeIgniterPHP\codeigniter4-framework-30008a0\system\Database\MySQLi\Connection.php(184): mysqli->real_connect('localhost', 'root', Object(SensitiveParameterValue), 'ci4', 3306, '', 0)
#1 C:\Users\Pierry\Desktop\Trabalho\CodeIgniterPHP\codeigniter4-framework-30008a0\system\Database\BaseConnection.php(391): CodeIgniter\Database\MySQLi\Connection->connect(false)
#2 C:\Users\Pierry\Desktop\Trabalho\CodeIgniterPHP\codeigniter4-framework-30008a0\system\Database\BaseConnection.php(574): CodeIgniter\Database\BaseConnection->initialize()
#3 C:\Users\Pierry\Desktop\Trabalho\CodeIgniterPHP\codeigniter4-framework-30008a0\system\Database\BaseConnection.php(1409): CodeIgniter\Database\BaseConnection->query('SHOW TABLES FRO...')
#4 C:\Users\Pierry\Desktop\Trabalho\CodeIgniterPHP\codeigniter4-framework-30008a0\system\Database\BaseConnection.php(1428): CodeIgniter\Database\BaseConnection->listTables()
#5 C:\Users\Pierry\Desktop\Trabalho\CodeIgniterPHP\codeigniter4-framework-30008a0\system\Database\MigrationRunner.php(768): CodeIgniter\Database\BaseConnection->tableExists('migrations')
#6 C:\Users\Pierry\Desktop\Trabalho\CodeIgniterPHP\codeigniter4-framework-30008a0\system\Database\MigrationRunner.php(168): CodeIgniter\Database\MigrationRunner->ensureTable()
#7 C:\Users\Pierry\Desktop\Trabalho\CodeIgniterPHP\codeigniter4-framework-30008a0\system\Commands\Database\Migrate.php(84): CodeIgniter\Database\MigrationRunner->latest(NULL)
#8 C:\Users\Pierry\Desktop\Trabalho\CodeIgniterPHP\codeigniter4-framework-30008a0\system\CLI\Commands.php(65): CodeIgniter\Commands\Database\Migrate->run(Array)
#9 C:\Users\Pierry\Desktop\Trabalho\CodeIgniterPHP\codeigniter4-framework-30008a0\system\CLI\Console.php(37): CodeIgniter\CLI\Commands->run('migrate', Array)
#10 C:\Users\Pierry\Desktop\Trabalho\CodeIgniterPHP\codeigniter4-framework-30008a0\spark(102): CodeIgniter\CLI\Console->run()
#11 {main}

Next CodeIgniter\Database\Exceptions\DatabaseException: Access denied for user '****'@'localhost' (using password: YES) in C:\Users\Pierry\Desktop\Trabalho\CodeIgniterPHP\codeigniter4-framework-30008a0\system\Database\MySQLi\Connection.php:229
Stack trace:
#0 C:\Users\Pierry\Desktop\Trabalho\CodeIgniterPHP\codeigniter4-framework-30008a0\system\Database\BaseConnection.php(391): CodeIgniter\Database\MySQLi\Connection->connect(false)
#1 C:\Users\Pierry\Desktop\Trabalho\CodeIgniterPHP\codeigniter4-framework-30008a0\system\Database\BaseConnection.php(574): CodeIgniter\Database\BaseConnection->initialize()
#2 C:\Users\Pierry\Desktop\Trabalho\CodeIgniterPHP\codeigniter4-framework-30008a0\system\Database\BaseConnection.php(1409): CodeIgniter\Database\BaseConnection->query('SHOW TABLES FRO...')
#3 C:\Users\Pierry\Desktop\Trabalho\CodeIgniterPHP\codeigniter4-framework-30008a0\system\Database\BaseConnection.php(1428): CodeIgniter\Database\BaseConnection->listTables()
#4 C:\Users\Pierry\Desktop\Trabalho\CodeIgniterPHP\codeigniter4-framework-30008a0\system\Database\MigrationRunner.php(768): CodeIgniter\Database\BaseConnection->tableExists('migrations')
#5 C:\Users\Pierry\Desktop\Trabalho\CodeIgniterPHP\codeigniter4-framework-30008a0\system\Database\MigrationRunner.php(168): CodeIgniter\Database\MigrationRunner->ensureTable()
#6 C:\Users\Pierry\Desktop\Trabalho\CodeIgniterPHP\codeigniter4-framework-30008a0\system\Commands\Database\Migrate.php(84): CodeIgniter\Database\MigrationRunner->latest(NULL)
#7 C:\Users\Pierry\Desktop\Trabalho\CodeIgniterPHP\codeigniter4-framework-30008a0\system\CLI\Commands.php(65): CodeIgniter\Commands\Database\Migrate->run(Array)
#8 C:\Users\Pierry\Desktop\Trabalho\CodeIgniterPHP\codeigniter4-framework-30008a0\system\CLI\Console.php(37): CodeIgniter\CLI\Commands->run('migrate', Array)
#9 C:\Users\Pierry\Desktop\Trabalho\CodeIgniterPHP\codeigniter4-framework-30008a0\spark(102): CodeIgniter\CLI\Console->run()
#10 {main}
ERROR - 2023-09-04 08:11:04 --> Error connecting to the database: mysqli_sql_exception: Access denied for user 'root'@'localhost' (using password: YES) in C:\Users\Pierry\Desktop\Trabalho\CodeIgniterPHP\codeigniter4-framework-30008a0\system\Database\MySQLi\Connection.php:184
Stack trace:
#0 C:\Users\Pierry\Desktop\Trabalho\CodeIgniterPHP\codeigniter4-framework-30008a0\system\Database\MySQLi\Connection.php(184): mysqli->real_connect('localhost', 'root', Object(SensitiveParameterValue), 'ci4', 3306, '', 0)
#1 C:\Users\Pierry\Desktop\Trabalho\CodeIgniterPHP\codeigniter4-framework-30008a0\system\Database\BaseConnection.php(391): CodeIgniter\Database\MySQLi\Connection->connect(false)
#2 C:\Users\Pierry\Desktop\Trabalho\CodeIgniterPHP\codeigniter4-framework-30008a0\system\Database\BaseConnection.php(574): CodeIgniter\Database\BaseConnection->initialize()
#3 C:\Users\Pierry\Desktop\Trabalho\CodeIgniterPHP\codeigniter4-framework-30008a0\system\Database\BaseConnection.php(1409): CodeIgniter\Database\BaseConnection->query('SHOW TABLES FRO...')
#4 C:\Users\Pierry\Desktop\Trabalho\CodeIgniterPHP\codeigniter4-framework-30008a0\system\Database\BaseConnection.php(1428): CodeIgniter\Database\BaseConnection->listTables()
#5 C:\Users\Pierry\Desktop\Trabalho\CodeIgniterPHP\codeigniter4-framework-30008a0\system\Database\MigrationRunner.php(768): CodeIgniter\Database\BaseConnection->tableExists('migrations')
#6 C:\Users\Pierry\Desktop\Trabalho\CodeIgniterPHP\codeigniter4-framework-30008a0\system\Database\MigrationRunner.php(168): CodeIgniter\Database\MigrationRunner->ensureTable()
#7 C:\Users\Pierry\Desktop\Trabalho\CodeIgniterPHP\codeigniter4-framework-30008a0\system\Commands\Database\Migrate.php(84): CodeIgniter\Database\MigrationRunner->latest(NULL)
#8 C:\Users\Pierry\Desktop\Trabalho\CodeIgniterPHP\codeigniter4-framework-30008a0\system\CLI\Commands.php(65): CodeIgniter\Commands\Database\Migrate->run(Array)
#9 C:\Users\Pierry\Desktop\Trabalho\CodeIgniterPHP\codeigniter4-framework-30008a0\system\CLI\Console.php(37): CodeIgniter\CLI\Commands->run('migrate', Array)
#10 C:\Users\Pierry\Desktop\Trabalho\CodeIgniterPHP\codeigniter4-framework-30008a0\spark(102): CodeIgniter\CLI\Console->run()
#11 {main}

Next CodeIgniter\Database\Exceptions\DatabaseException: Access denied for user '****'@'localhost' (using password: YES) in C:\Users\Pierry\Desktop\Trabalho\CodeIgniterPHP\codeigniter4-framework-30008a0\system\Database\MySQLi\Connection.php:229
Stack trace:
#0 C:\Users\Pierry\Desktop\Trabalho\CodeIgniterPHP\codeigniter4-framework-30008a0\system\Database\BaseConnection.php(391): CodeIgniter\Database\MySQLi\Connection->connect(false)
#1 C:\Users\Pierry\Desktop\Trabalho\CodeIgniterPHP\codeigniter4-framework-30008a0\system\Database\BaseConnection.php(574): CodeIgniter\Database\BaseConnection->initialize()
#2 C:\Users\Pierry\Desktop\Trabalho\CodeIgniterPHP\codeigniter4-framework-30008a0\system\Database\BaseConnection.php(1409): CodeIgniter\Database\BaseConnection->query('SHOW TABLES FRO...')
#3 C:\Users\Pierry\Desktop\Trabalho\CodeIgniterPHP\codeigniter4-framework-30008a0\system\Database\BaseConnection.php(1428): CodeIgniter\Database\BaseConnection->listTables()
#4 C:\Users\Pierry\Desktop\Trabalho\CodeIgniterPHP\codeigniter4-framework-30008a0\system\Database\MigrationRunner.php(768): CodeIgniter\Database\BaseConnection->tableExists('migrations')
#5 C:\Users\Pierry\Desktop\Trabalho\CodeIgniterPHP\codeigniter4-framework-30008a0\system\Database\MigrationRunner.php(168): CodeIgniter\Database\MigrationRunner->ensureTable()
#6 C:\Users\Pierry\Desktop\Trabalho\CodeIgniterPHP\codeigniter4-framework-30008a0\system\Commands\Database\Migrate.php(84): CodeIgniter\Database\MigrationRunner->latest(NULL)
#7 C:\Users\Pierry\Desktop\Trabalho\CodeIgniterPHP\codeigniter4-framework-30008a0\system\CLI\Commands.php(65): CodeIgniter\Commands\Database\Migrate->run(Array)
#8 C:\Users\Pierry\Desktop\Trabalho\CodeIgniterPHP\codeigniter4-framework-30008a0\system\CLI\Console.php(37): CodeIgniter\CLI\Commands->run('migrate', Array)
#9 C:\Users\Pierry\Desktop\Trabalho\CodeIgniterPHP\codeigniter4-framework-30008a0\spark(102): CodeIgniter\CLI\Console->run()
#10 {main}
ERROR - 2023-09-04 08:12:19 --> Error connecting to the database: mysqli_sql_exception: Access denied for user 'root'@'localhost' (using password: YES) in C:\Users\Pierry\Desktop\Trabalho\CodeIgniterPHP\codeigniter4-framework-30008a0\system\Database\MySQLi\Connection.php:184
Stack trace:
#0 C:\Users\Pierry\Desktop\Trabalho\CodeIgniterPHP\codeigniter4-framework-30008a0\system\Database\MySQLi\Connection.php(184): mysqli->real_connect('localhost', 'root', Object(SensitiveParameterValue), 'ci4', 3306, '', 0)
#1 C:\Users\Pierry\Desktop\Trabalho\CodeIgniterPHP\codeigniter4-framework-30008a0\system\Database\BaseConnection.php(391): CodeIgniter\Database\MySQLi\Connection->connect(false)
#2 C:\Users\Pierry\Desktop\Trabalho\CodeIgniterPHP\codeigniter4-framework-30008a0\system\Database\BaseConnection.php(574): CodeIgniter\Database\BaseConnection->initialize()
#3 C:\Users\Pierry\Desktop\Trabalho\CodeIgniterPHP\codeigniter4-framework-30008a0\system\Database\BaseConnection.php(1409): CodeIgniter\Database\BaseConnection->query('SHOW TABLES FRO...')
#4 C:\Users\Pierry\Desktop\Trabalho\CodeIgniterPHP\codeigniter4-framework-30008a0\system\Database\BaseConnection.php(1428): CodeIgniter\Database\BaseConnection->listTables()
#5 C:\Users\Pierry\Desktop\Trabalho\CodeIgniterPHP\codeigniter4-framework-30008a0\system\Database\MigrationRunner.php(768): CodeIgniter\Database\BaseConnection->tableExists('migrations')
#6 C:\Users\Pierry\Desktop\Trabalho\CodeIgniterPHP\codeigniter4-framework-30008a0\system\Database\MigrationRunner.php(168): CodeIgniter\Database\MigrationRunner->ensureTable()
#7 C:\Users\Pierry\Desktop\Trabalho\CodeIgniterPHP\codeigniter4-framework-30008a0\system\Commands\Database\Migrate.php(84): CodeIgniter\Database\MigrationRunner->latest(NULL)
#8 C:\Users\Pierry\Desktop\Trabalho\CodeIgniterPHP\codeigniter4-framework-30008a0\system\CLI\Commands.php(65): CodeIgniter\Commands\Database\Migrate->run(Array)
#9 C:\Users\Pierry\Desktop\Trabalho\CodeIgniterPHP\codeigniter4-framework-30008a0\system\CLI\Console.php(37): CodeIgniter\CLI\Commands->run('migrate', Array)
#10 C:\Users\Pierry\Desktop\Trabalho\CodeIgniterPHP\codeigniter4-framework-30008a0\spark(102): CodeIgniter\CLI\Console->run()
#11 {main}

Next CodeIgniter\Database\Exceptions\DatabaseException: Access denied for user '****'@'localhost' (using password: YES) in C:\Users\Pierry\Desktop\Trabalho\CodeIgniterPHP\codeigniter4-framework-30008a0\system\Database\MySQLi\Connection.php:229
Stack trace:
#0 C:\Users\Pierry\Desktop\Trabalho\CodeIgniterPHP\codeigniter4-framework-30008a0\system\Database\BaseConnection.php(391): CodeIgniter\Database\MySQLi\Connection->connect(false)
#1 C:\Users\Pierry\Desktop\Trabalho\CodeIgniterPHP\codeigniter4-framework-30008a0\system\Database\BaseConnection.php(574): CodeIgniter\Database\BaseConnection->initialize()
#2 C:\Users\Pierry\Desktop\Trabalho\CodeIgniterPHP\codeigniter4-framework-30008a0\system\Database\BaseConnection.php(1409): CodeIgniter\Database\BaseConnection->query('SHOW TABLES FRO...')
#3 C:\Users\Pierry\Desktop\Trabalho\CodeIgniterPHP\codeigniter4-framework-30008a0\system\Database\BaseConnection.php(1428): CodeIgniter\Database\BaseConnection->listTables()
#4 C:\Users\Pierry\Desktop\Trabalho\CodeIgniterPHP\codeigniter4-framework-30008a0\system\Database\MigrationRunner.php(768): CodeIgniter\Database\BaseConnection->tableExists('migrations')
#5 C:\Users\Pierry\Desktop\Trabalho\CodeIgniterPHP\codeigniter4-framework-30008a0\system\Database\MigrationRunner.php(168): CodeIgniter\Database\MigrationRunner->ensureTable()
#6 C:\Users\Pierry\Desktop\Trabalho\CodeIgniterPHP\codeigniter4-framework-30008a0\system\Commands\Database\Migrate.php(84): CodeIgniter\Database\MigrationRunner->latest(NULL)
#7 C:\Users\Pierry\Desktop\Trabalho\CodeIgniterPHP\codeigniter4-framework-30008a0\system\CLI\Commands.php(65): CodeIgniter\Commands\Database\Migrate->run(Array)
#8 C:\Users\Pierry\Desktop\Trabalho\CodeIgniterPHP\codeigniter4-framework-30008a0\system\CLI\Console.php(37): CodeIgniter\CLI\Commands->run('migrate', Array)
#9 C:\Users\Pierry\Desktop\Trabalho\CodeIgniterPHP\codeigniter4-framework-30008a0\spark(102): CodeIgniter\CLI\Console->run()
#10 {main}
ERROR - 2023-09-04 08:13:26 --> Error connecting to the database: mysqli_sql_exception: Access denied for user 'root'@'localhost' (using password: YES) in C:\Users\Pierry\Desktop\Trabalho\CodeIgniterPHP\codeigniter4-framework-30008a0\system\Database\MySQLi\Connection.php:184
Stack trace:
#0 C:\Users\Pierry\Desktop\Trabalho\CodeIgniterPHP\codeigniter4-framework-30008a0\system\Database\MySQLi\Connection.php(184): mysqli->real_connect('localhost', 'root', Object(SensitiveParameterValue), 'ci4', 3306, '', 0)
#1 C:\Users\Pierry\Desktop\Trabalho\CodeIgniterPHP\codeigniter4-framework-30008a0\system\Database\BaseConnection.php(391): CodeIgniter\Database\MySQLi\Connection->connect(false)
#2 C:\Users\Pierry\Desktop\Trabalho\CodeIgniterPHP\codeigniter4-framework-30008a0\system\Database\BaseConnection.php(574): CodeIgniter\Database\BaseConnection->initialize()
#3 C:\Users\Pierry\Desktop\Trabalho\CodeIgniterPHP\codeigniter4-framework-30008a0\system\Database\BaseConnection.php(1409): CodeIgniter\Database\BaseConnection->query('SHOW TABLES FRO...')
#4 C:\Users\Pierry\Desktop\Trabalho\CodeIgniterPHP\codeigniter4-framework-30008a0\system\Database\BaseConnection.php(1428): CodeIgniter\Database\BaseConnection->listTables()
#5 C:\Users\Pierry\Desktop\Trabalho\CodeIgniterPHP\codeigniter4-framework-30008a0\system\Database\MigrationRunner.php(768): CodeIgniter\Database\BaseConnection->tableExists('migrations')
#6 C:\Users\Pierry\Desktop\Trabalho\CodeIgniterPHP\codeigniter4-framework-30008a0\system\Database\MigrationRunner.php(168): CodeIgniter\Database\MigrationRunner->ensureTable()
#7 C:\Users\Pierry\Desktop\Trabalho\CodeIgniterPHP\codeigniter4-framework-30008a0\system\Commands\Database\Migrate.php(84): CodeIgniter\Database\MigrationRunner->latest(NULL)
#8 C:\Users\Pierry\Desktop\Trabalho\CodeIgniterPHP\codeigniter4-framework-30008a0\system\CLI\Commands.php(65): CodeIgniter\Commands\Database\Migrate->run(Array)
#9 C:\Users\Pierry\Desktop\Trabalho\CodeIgniterPHP\codeigniter4-framework-30008a0\system\CLI\Console.php(37): CodeIgniter\CLI\Commands->run('migrate', Array)
#10 C:\Users\Pierry\Desktop\Trabalho\CodeIgniterPHP\codeigniter4-framework-30008a0\spark(102): CodeIgniter\CLI\Console->run()
#11 {main}

Next CodeIgniter\Database\Exceptions\DatabaseException: Access denied for user '****'@'localhost' (using password: YES) in C:\Users\Pierry\Desktop\Trabalho\CodeIgniterPHP\codeigniter4-framework-30008a0\system\Database\MySQLi\Connection.php:229
Stack trace:
#0 C:\Users\Pierry\Desktop\Trabalho\CodeIgniterPHP\codeigniter4-framework-30008a0\system\Database\BaseConnection.php(391): CodeIgniter\Database\MySQLi\Connection->connect(false)
#1 C:\Users\Pierry\Desktop\Trabalho\CodeIgniterPHP\codeigniter4-framework-30008a0\system\Database\BaseConnection.php(574): CodeIgniter\Database\BaseConnection->initialize()
#2 C:\Users\Pierry\Desktop\Trabalho\CodeIgniterPHP\codeigniter4-framework-30008a0\system\Database\BaseConnection.php(1409): CodeIgniter\Database\BaseConnection->query('SHOW TABLES FRO...')
#3 C:\Users\Pierry\Desktop\Trabalho\CodeIgniterPHP\codeigniter4-framework-30008a0\system\Database\BaseConnection.php(1428): CodeIgniter\Database\BaseConnection->listTables()
#4 C:\Users\Pierry\Desktop\Trabalho\CodeIgniterPHP\codeigniter4-framework-30008a0\system\Database\MigrationRunner.php(768): CodeIgniter\Database\BaseConnection->tableExists('migrations')
#5 C:\Users\Pierry\Desktop\Trabalho\CodeIgniterPHP\codeigniter4-framework-30008a0\system\Database\MigrationRunner.php(168): CodeIgniter\Database\MigrationRunner->ensureTable()
#6 C:\Users\Pierry\Desktop\Trabalho\CodeIgniterPHP\codeigniter4-framework-30008a0\system\Commands\Database\Migrate.php(84): CodeIgniter\Database\MigrationRunner->latest(NULL)
#7 C:\Users\Pierry\Desktop\Trabalho\CodeIgniterPHP\codeigniter4-framework-30008a0\system\CLI\Commands.php(65): CodeIgniter\Commands\Database\Migrate->run(Array)
#8 C:\Users\Pierry\Desktop\Trabalho\CodeIgniterPHP\codeigniter4-framework-30008a0\system\CLI\Console.php(37): CodeIgniter\CLI\Commands->run('migrate', Array)
#9 C:\Users\Pierry\Desktop\Trabalho\CodeIgniterPHP\codeigniter4-framework-30008a0\spark(102): CodeIgniter\CLI\Console->run()
#10 {main}
ERROR - 2023-09-04 08:16:43 --> Error connecting to the database: mysqli_sql_exception: Access denied for user 'root'@'localhost' (using password: YES) in C:\Users\Pierry\Desktop\Trabalho\CodeIgniterPHP\codeigniter4-framework-30008a0\system\Database\MySQLi\Connection.php:184
Stack trace:
#0 C:\Users\Pierry\Desktop\Trabalho\CodeIgniterPHP\codeigniter4-framework-30008a0\system\Database\MySQLi\Connection.php(184): mysqli->real_connect('localhost', 'root', Object(SensitiveParameterValue), 'ci4', 3306, '', 0)
#1 C:\Users\Pierry\Desktop\Trabalho\CodeIgniterPHP\codeigniter4-framework-30008a0\system\Database\BaseConnection.php(391): CodeIgniter\Database\MySQLi\Connection->connect(false)
#2 C:\Users\Pierry\Desktop\Trabalho\CodeIgniterPHP\codeigniter4-framework-30008a0\system\Database\BaseConnection.php(574): CodeIgniter\Database\BaseConnection->initialize()
#3 C:\Users\Pierry\Desktop\Trabalho\CodeIgniterPHP\codeigniter4-framework-30008a0\system\Database\BaseConnection.php(1409): CodeIgniter\Database\BaseConnection->query('SHOW TABLES FRO...')
#4 C:\Users\Pierry\Desktop\Trabalho\CodeIgniterPHP\codeigniter4-framework-30008a0\system\Database\BaseConnection.php(1428): CodeIgniter\Database\BaseConnection->listTables()
#5 C:\Users\Pierry\Desktop\Trabalho\CodeIgniterPHP\codeigniter4-framework-30008a0\system\Database\MigrationRunner.php(768): CodeIgniter\Database\BaseConnection->tableExists('migrations')
#6 C:\Users\Pierry\Desktop\Trabalho\CodeIgniterPHP\codeigniter4-framework-30008a0\system\Database\MigrationRunner.php(648): CodeIgniter\Database\MigrationRunner->ensureTable()
#7 C:\Users\Pierry\Desktop\Trabalho\CodeIgniterPHP\codeigniter4-framework-30008a0\system\Commands\Database\MigrateStatus.php(112): CodeIgniter\Database\MigrationRunner->getHistory('')
#8 C:\Users\Pierry\Desktop\Trabalho\CodeIgniterPHP\codeigniter4-framework-30008a0\system\CLI\Commands.php(65): CodeIgniter\Commands\Database\MigrateStatus->run(Array)
#9 C:\Users\Pierry\Desktop\Trabalho\CodeIgniterPHP\codeigniter4-framework-30008a0\system\CLI\Console.php(37): CodeIgniter\CLI\Commands->run('migrate:status', Array)
#10 C:\Users\Pierry\Desktop\Trabalho\CodeIgniterPHP\codeigniter4-framework-30008a0\spark(102): CodeIgniter\CLI\Console->run()
#11 {main}

Next CodeIgniter\Database\Exceptions\DatabaseException: Access denied for user '****'@'localhost' (using password: YES) in C:\Users\Pierry\Desktop\Trabalho\CodeIgniterPHP\codeigniter4-framework-30008a0\system\Database\MySQLi\Connection.php:229
Stack trace:
#0 C:\Users\Pierry\Desktop\Trabalho\CodeIgniterPHP\codeigniter4-framework-30008a0\system\Database\BaseConnection.php(391): CodeIgniter\Database\MySQLi\Connection->connect(false)
#1 C:\Users\Pierry\Desktop\Trabalho\CodeIgniterPHP\codeigniter4-framework-30008a0\system\Database\BaseConnection.php(574): CodeIgniter\Database\BaseConnection->initialize()
#2 C:\Users\Pierry\Desktop\Trabalho\CodeIgniterPHP\codeigniter4-framework-30008a0\system\Database\BaseConnection.php(1409): CodeIgniter\Database\BaseConnection->query('SHOW TABLES FRO...')
#3 C:\Users\Pierry\Desktop\Trabalho\CodeIgniterPHP\codeigniter4-framework-30008a0\system\Database\BaseConnection.php(1428): CodeIgniter\Database\BaseConnection->listTables()
#4 C:\Users\Pierry\Desktop\Trabalho\CodeIgniterPHP\codeigniter4-framework-30008a0\system\Database\MigrationRunner.php(768): CodeIgniter\Database\BaseConnection->tableExists('migrations')
#5 C:\Users\Pierry\Desktop\Trabalho\CodeIgniterPHP\codeigniter4-framework-30008a0\system\Database\MigrationRunner.php(648): CodeIgniter\Database\MigrationRunner->ensureTable()
#6 C:\Users\Pierry\Desktop\Trabalho\CodeIgniterPHP\codeigniter4-framework-30008a0\system\Commands\Database\MigrateStatus.php(112): CodeIgniter\Database\MigrationRunner->getHistory('')
#7 C:\Users\Pierry\Desktop\Trabalho\CodeIgniterPHP\codeigniter4-framework-30008a0\system\CLI\Commands.php(65): CodeIgniter\Commands\Database\MigrateStatus->run(Array)
#8 C:\Users\Pierry\Desktop\Trabalho\CodeIgniterPHP\codeigniter4-framework-30008a0\system\CLI\Console.php(37): CodeIgniter\CLI\Commands->run('migrate:status', Array)
#9 C:\Users\Pierry\Desktop\Trabalho\CodeIgniterPHP\codeigniter4-framework-30008a0\spark(102): CodeIgniter\CLI\Console->run()
#10 {main}
CRITICAL - 2023-09-04 08:16:43 --> Unable to connect to the database.
Main connection [MySQLi]: Access denied for user '****'@'localhost' (using password: YES)
in SYSTEMPATH\Database\BaseConnection.php on line 427.
 1 SYSTEMPATH\Database\BaseConnection.php(574): CodeIgniter\Database\BaseConnection->initialize()
 2 SYSTEMPATH\Database\BaseConnection.php(1409): CodeIgniter\Database\BaseConnection->query('SHOW TABLES FROM `ci4`')
 3 SYSTEMPATH\Database\BaseConnection.php(1428): CodeIgniter\Database\BaseConnection->listTables()
 4 SYSTEMPATH\Database\MigrationRunner.php(768): CodeIgniter\Database\BaseConnection->tableExists('migrations')
 5 SYSTEMPATH\Database\MigrationRunner.php(648): CodeIgniter\Database\MigrationRunner->ensureTable()
 6 SYSTEMPATH\Commands\Database\MigrateStatus.php(112): CodeIgniter\Database\MigrationRunner->getHistory('')
 7 SYSTEMPATH\CLI\Commands.php(65): CodeIgniter\Commands\Database\MigrateStatus->run([])
 8 SYSTEMPATH\CLI\Console.php(37): CodeIgniter\CLI\Commands->run('migrate:status', [])
 9 ROOTPATH\spark(102): CodeIgniter\CLI\Console->run()
ERROR - 2023-09-04 08:24:18 --> Error connecting to the database: mysqli_sql_exception: Access denied for user 'root'@'localhost' (using password: YES) in C:\Users\Pierry\Desktop\Trabalho\CodeIgniterPHP\codeigniter4-framework-30008a0\system\Database\MySQLi\Connection.php:184
Stack trace:
#0 C:\Users\Pierry\Desktop\Trabalho\CodeIgniterPHP\codeigniter4-framework-30008a0\system\Database\MySQLi\Connection.php(184): mysqli->real_connect('localhost', 'root', Object(SensitiveParameterValue), 'ci4', 3306, '', 0)
#1 C:\Users\Pierry\Desktop\Trabalho\CodeIgniterPHP\codeigniter4-framework-30008a0\system\Database\BaseConnection.php(391): CodeIgniter\Database\MySQLi\Connection->connect(false)
#2 C:\Users\Pierry\Desktop\Trabalho\CodeIgniterPHP\codeigniter4-framework-30008a0\system\Database\BaseConnection.php(574): CodeIgniter\Database\BaseConnection->initialize()
#3 C:\Users\Pierry\Desktop\Trabalho\CodeIgniterPHP\codeigniter4-framework-30008a0\system\Database\BaseConnection.php(1409): CodeIgniter\Database\BaseConnection->query('SHOW TABLES FRO...')
#4 C:\Users\Pierry\Desktop\Trabalho\CodeIgniterPHP\codeigniter4-framework-30008a0\system\Database\BaseConnection.php(1428): CodeIgniter\Database\BaseConnection->listTables()
#5 C:\Users\Pierry\Desktop\Trabalho\CodeIgniterPHP\codeigniter4-framework-30008a0\system\Database\MigrationRunner.php(768): CodeIgniter\Database\BaseConnection->tableExists('migrations')
#6 C:\Users\Pierry\Desktop\Trabalho\CodeIgniterPHP\codeigniter4-framework-30008a0\system\Database\MigrationRunner.php(168): CodeIgniter\Database\MigrationRunner->ensureTable()
#7 C:\Users\Pierry\Desktop\Trabalho\CodeIgniterPHP\codeigniter4-framework-30008a0\system\Commands\Database\Migrate.php(84): CodeIgniter\Database\MigrationRunner->latest(NULL)
#8 C:\Users\Pierry\Desktop\Trabalho\CodeIgniterPHP\codeigniter4-framework-30008a0\system\CLI\Commands.php(65): CodeIgniter\Commands\Database\Migrate->run(Array)
#9 C:\Users\Pierry\Desktop\Trabalho\CodeIgniterPHP\codeigniter4-framework-30008a0\system\CLI\Console.php(37): CodeIgniter\CLI\Commands->run('migrate', Array)
#10 C:\Users\Pierry\Desktop\Trabalho\CodeIgniterPHP\codeigniter4-framework-30008a0\spark(102): CodeIgniter\CLI\Console->run()
#11 {main}

Next CodeIgniter\Database\Exceptions\DatabaseException: Access denied for user '****'@'localhost' (using password: YES) in C:\Users\Pierry\Desktop\Trabalho\CodeIgniterPHP\codeigniter4-framework-30008a0\system\Database\MySQLi\Connection.php:229
Stack trace:
#0 C:\Users\Pierry\Desktop\Trabalho\CodeIgniterPHP\codeigniter4-framework-30008a0\system\Database\BaseConnection.php(391): CodeIgniter\Database\MySQLi\Connection->connect(false)
#1 C:\Users\Pierry\Desktop\Trabalho\CodeIgniterPHP\codeigniter4-framework-30008a0\system\Database\BaseConnection.php(574): CodeIgniter\Database\BaseConnection->initialize()
#2 C:\Users\Pierry\Desktop\Trabalho\CodeIgniterPHP\codeigniter4-framework-30008a0\system\Database\BaseConnection.php(1409): CodeIgniter\Database\BaseConnection->query('SHOW TABLES FRO...')
#3 C:\Users\Pierry\Desktop\Trabalho\CodeIgniterPHP\codeigniter4-framework-30008a0\system\Database\BaseConnection.php(1428): CodeIgniter\Database\BaseConnection->listTables()
#4 C:\Users\Pierry\Desktop\Trabalho\CodeIgniterPHP\codeigniter4-framework-30008a0\system\Database\MigrationRunner.php(768): CodeIgniter\Database\BaseConnection->tableExists('migrations')
#5 C:\Users\Pierry\Desktop\Trabalho\CodeIgniterPHP\codeigniter4-framework-30008a0\system\Database\MigrationRunner.php(168): CodeIgniter\Database\MigrationRunner->ensureTable()
#6 C:\Users\Pierry\Desktop\Trabalho\CodeIgniterPHP\codeigniter4-framework-30008a0\system\Commands\Database\Migrate.php(84): CodeIgniter\Database\MigrationRunner->latest(NULL)
#7 C:\Users\Pierry\Desktop\Trabalho\CodeIgniterPHP\codeigniter4-framework-30008a0\system\CLI\Commands.php(65): CodeIgniter\Commands\Database\Migrate->run(Array)
#8 C:\Users\Pierry\Desktop\Trabalho\CodeIgniterPHP\codeigniter4-framework-30008a0\system\CLI\Console.php(37): CodeIgniter\CLI\Commands->run('migrate', Array)
#9 C:\Users\Pierry\Desktop\Trabalho\CodeIgniterPHP\codeigniter4-framework-30008a0\spark(102): CodeIgniter\CLI\Console->run()
#10 {main}
ERROR - 2023-09-04 08:27:52 --> Error connecting to the database: mysqli_sql_exception: Access denied for user 'root'@'localhost' (using password: YES) in C:\Users\Pierry\Desktop\Trabalho\CodeIgniterPHP\codeigniter4-framework-30008a0\system\Database\MySQLi\Connection.php:184
Stack trace:
#0 C:\Users\Pierry\Desktop\Trabalho\CodeIgniterPHP\codeigniter4-framework-30008a0\system\Database\MySQLi\Connection.php(184): mysqli->real_connect('localhost', 'root', Object(SensitiveParameterValue), 'ci4', 3306, '', 0)
#1 C:\Users\Pierry\Desktop\Trabalho\CodeIgniterPHP\codeigniter4-framework-30008a0\system\Database\BaseConnection.php(391): CodeIgniter\Database\MySQLi\Connection->connect(false)
#2 C:\Users\Pierry\Desktop\Trabalho\CodeIgniterPHP\codeigniter4-framework-30008a0\system\Database\BaseConnection.php(574): CodeIgniter\Database\BaseConnection->initialize()
#3 C:\Users\Pierry\Desktop\Trabalho\CodeIgniterPHP\codeigniter4-framework-30008a0\system\Database\BaseConnection.php(1409): CodeIgniter\Database\BaseConnection->query('SHOW TABLES FRO...')
#4 C:\Users\Pierry\Desktop\Trabalho\CodeIgniterPHP\codeigniter4-framework-30008a0\system\Database\BaseConnection.php(1428): CodeIgniter\Database\BaseConnection->listTables()
#5 C:\Users\Pierry\Desktop\Trabalho\CodeIgniterPHP\codeigniter4-framework-30008a0\system\Database\MigrationRunner.php(768): CodeIgniter\Database\BaseConnection->tableExists('migrations')
#6 C:\Users\Pierry\Desktop\Trabalho\CodeIgniterPHP\codeigniter4-framework-30008a0\system\Database\MigrationRunner.php(168): CodeIgniter\Database\MigrationRunner->ensureTable()
#7 C:\Users\Pierry\Desktop\Trabalho\CodeIgniterPHP\codeigniter4-framework-30008a0\system\Commands\Database\Migrate.php(84): CodeIgniter\Database\MigrationRunner->latest(NULL)
#8 C:\Users\Pierry\Desktop\Trabalho\CodeIgniterPHP\codeigniter4-framework-30008a0\system\CLI\Commands.php(65): CodeIgniter\Commands\Database\Migrate->run(Array)
#9 C:\Users\Pierry\Desktop\Trabalho\CodeIgniterPHP\codeigniter4-framework-30008a0\system\CLI\Console.php(37): CodeIgniter\CLI\Commands->run('migrate', Array)
#10 C:\Users\Pierry\Desktop\Trabalho\CodeIgniterPHP\codeigniter4-framework-30008a0\spark(102): CodeIgniter\CLI\Console->run()
#11 {main}

Next CodeIgniter\Database\Exceptions\DatabaseException: Access denied for user '****'@'localhost' (using password: YES) in C:\Users\Pierry\Desktop\Trabalho\CodeIgniterPHP\codeigniter4-framework-30008a0\system\Database\MySQLi\Connection.php:229
Stack trace:
#0 C:\Users\Pierry\Desktop\Trabalho\CodeIgniterPHP\codeigniter4-framework-30008a0\system\Database\BaseConnection.php(391): CodeIgniter\Database\MySQLi\Connection->connect(false)
#1 C:\Users\Pierry\Desktop\Trabalho\CodeIgniterPHP\codeigniter4-framework-30008a0\system\Database\BaseConnection.php(574): CodeIgniter\Database\BaseConnection->initialize()
#2 C:\Users\Pierry\Desktop\Trabalho\CodeIgniterPHP\codeigniter4-framework-30008a0\system\Database\BaseConnection.php(1409): CodeIgniter\Database\BaseConnection->query('SHOW TABLES FRO...')
#3 C:\Users\Pierry\Desktop\Trabalho\CodeIgniterPHP\codeigniter4-framework-30008a0\system\Database\BaseConnection.php(1428): CodeIgniter\Database\BaseConnection->listTables()
#4 C:\Users\Pierry\Desktop\Trabalho\CodeIgniterPHP\codeigniter4-framework-30008a0\system\Database\MigrationRunner.php(768): CodeIgniter\Database\BaseConnection->tableExists('migrations')
#5 C:\Users\Pierry\Desktop\Trabalho\CodeIgniterPHP\codeigniter4-framework-30008a0\system\Database\MigrationRunner.php(168): CodeIgniter\Database\MigrationRunner->ensureTable()
#6 C:\Users\Pierry\Desktop\Trabalho\CodeIgniterPHP\codeigniter4-framework-30008a0\system\Commands\Database\Migrate.php(84): CodeIgniter\Database\MigrationRunner->latest(NULL)
#7 C:\Users\Pierry\Desktop\Trabalho\CodeIgniterPHP\codeigniter4-framework-30008a0\system\CLI\Commands.php(65): CodeIgniter\Commands\Database\Migrate->run(Array)
#8 C:\Users\Pierry\Desktop\Trabalho\CodeIgniterPHP\codeigniter4-framework-30008a0\system\CLI\Console.php(37): CodeIgniter\CLI\Commands->run('migrate', Array)
#9 C:\Users\Pierry\Desktop\Trabalho\CodeIgniterPHP\codeigniter4-framework-30008a0\spark(102): CodeIgniter\CLI\Console->run()
#10 {main}
ERROR - 2023-09-04 08:28:19 --> Error connecting to the database: mysqli_sql_exception: Access denied for user 'root'@'localhost' (using password: YES) in C:\Users\Pierry\Desktop\Trabalho\CodeIgniterPHP\codeigniter4-framework-30008a0\system\Database\MySQLi\Connection.php:184
Stack trace:
#0 C:\Users\Pierry\Desktop\Trabalho\CodeIgniterPHP\codeigniter4-framework-30008a0\system\Database\MySQLi\Connection.php(184): mysqli->real_connect('localhost', 'root', Object(SensitiveParameterValue), 'ci4', 3306, '', 0)
#1 C:\Users\Pierry\Desktop\Trabalho\CodeIgniterPHP\codeigniter4-framework-30008a0\system\Database\BaseConnection.php(391): CodeIgniter\Database\MySQLi\Connection->connect(false)
#2 C:\Users\Pierry\Desktop\Trabalho\CodeIgniterPHP\codeigniter4-framework-30008a0\system\Database\BaseConnection.php(574): CodeIgniter\Database\BaseConnection->initialize()
#3 C:\Users\Pierry\Desktop\Trabalho\CodeIgniterPHP\codeigniter4-framework-30008a0\system\Database\BaseConnection.php(1409): CodeIgniter\Database\BaseConnection->query('SHOW TABLES FRO...')
#4 C:\Users\Pierry\Desktop\Trabalho\CodeIgniterPHP\codeigniter4-framework-30008a0\system\Database\BaseConnection.php(1428): CodeIgniter\Database\BaseConnection->listTables()
#5 C:\Users\Pierry\Desktop\Trabalho\CodeIgniterPHP\codeigniter4-framework-30008a0\system\Database\MigrationRunner.php(768): CodeIgniter\Database\BaseConnection->tableExists('migrations')
#6 C:\Users\Pierry\Desktop\Trabalho\CodeIgniterPHP\codeigniter4-framework-30008a0\system\Database\MigrationRunner.php(168): CodeIgniter\Database\MigrationRunner->ensureTable()
#7 C:\Users\Pierry\Desktop\Trabalho\CodeIgniterPHP\codeigniter4-framework-30008a0\system\Commands\Database\Migrate.php(84): CodeIgniter\Database\MigrationRunner->latest(NULL)
#8 C:\Users\Pierry\Desktop\Trabalho\CodeIgniterPHP\codeigniter4-framework-30008a0\system\CLI\Commands.php(65): CodeIgniter\Commands\Database\Migrate->run(Array)
#9 C:\Users\Pierry\Desktop\Trabalho\CodeIgniterPHP\codeigniter4-framework-30008a0\system\CLI\Console.php(37): CodeIgniter\CLI\Commands->run('migrate', Array)
#10 C:\Users\Pierry\Desktop\Trabalho\CodeIgniterPHP\codeigniter4-framework-30008a0\spark(102): CodeIgniter\CLI\Console->run()
#11 {main}

Next CodeIgniter\Database\Exceptions\DatabaseException: Access denied for user '****'@'localhost' (using password: YES) in C:\Users\Pierry\Desktop\Trabalho\CodeIgniterPHP\codeigniter4-framework-30008a0\system\Database\MySQLi\Connection.php:229
Stack trace:
#0 C:\Users\Pierry\Desktop\Trabalho\CodeIgniterPHP\codeigniter4-framework-30008a0\system\Database\BaseConnection.php(391): CodeIgniter\Database\MySQLi\Connection->connect(false)
#1 C:\Users\Pierry\Desktop\Trabalho\CodeIgniterPHP\codeigniter4-framework-30008a0\system\Database\BaseConnection.php(574): CodeIgniter\Database\BaseConnection->initialize()
#2 C:\Users\Pierry\Desktop\Trabalho\CodeIgniterPHP\codeigniter4-framework-30008a0\system\Database\BaseConnection.php(1409): CodeIgniter\Database\BaseConnection->query('SHOW TABLES FRO...')
#3 C:\Users\Pierry\Desktop\Trabalho\CodeIgniterPHP\codeigniter4-framework-30008a0\system\Database\BaseConnection.php(1428): CodeIgniter\Database\BaseConnection->listTables()
#4 C:\Users\Pierry\Desktop\Trabalho\CodeIgniterPHP\codeigniter4-framework-30008a0\system\Database\MigrationRunner.php(768): CodeIgniter\Database\BaseConnection->tableExists('migrations')
#5 C:\Users\Pierry\Desktop\Trabalho\CodeIgniterPHP\codeigniter4-framework-30008a0\system\Database\MigrationRunner.php(168): CodeIgniter\Database\MigrationRunner->ensureTable()
#6 C:\Users\Pierry\Desktop\Trabalho\CodeIgniterPHP\codeigniter4-framework-30008a0\system\Commands\Database\Migrate.php(84): CodeIgniter\Database\MigrationRunner->latest(NULL)
#7 C:\Users\Pierry\Desktop\Trabalho\CodeIgniterPHP\codeigniter4-framework-30008a0\system\CLI\Commands.php(65): CodeIgniter\Commands\Database\Migrate->run(Array)
#8 C:\Users\Pierry\Desktop\Trabalho\CodeIgniterPHP\codeigniter4-framework-30008a0\system\CLI\Console.php(37): CodeIgniter\CLI\Commands->run('migrate', Array)
#9 C:\Users\Pierry\Desktop\Trabalho\CodeIgniterPHP\codeigniter4-framework-30008a0\spark(102): CodeIgniter\CLI\Console->run()
#10 {main}
ERROR - 2023-09-04 08:30:06 --> Error connecting to the database: mysqli_sql_exception: Access denied for user 'root'@'localhost' (using password: YES) in C:\Users\Pierry\Desktop\Trabalho\CodeIgniterPHP\codeigniter4-framework-30008a0\system\Database\MySQLi\Connection.php:184
Stack trace:
#0 C:\Users\Pierry\Desktop\Trabalho\CodeIgniterPHP\codeigniter4-framework-30008a0\system\Database\MySQLi\Connection.php(184): mysqli->real_connect('localhost', 'root', Object(SensitiveParameterValue), 'ci4', 3306, '', 0)
#1 C:\Users\Pierry\Desktop\Trabalho\CodeIgniterPHP\codeigniter4-framework-30008a0\system\Database\BaseConnection.php(391): CodeIgniter\Database\MySQLi\Connection->connect(false)
#2 C:\Users\Pierry\Desktop\Trabalho\CodeIgniterPHP\codeigniter4-framework-30008a0\system\Database\BaseConnection.php(574): CodeIgniter\Database\BaseConnection->initialize()
#3 C:\Users\Pierry\Desktop\Trabalho\CodeIgniterPHP\codeigniter4-framework-30008a0\system\Database\BaseConnection.php(1409): CodeIgniter\Database\BaseConnection->query('SHOW TABLES FRO...')
#4 C:\Users\Pierry\Desktop\Trabalho\CodeIgniterPHP\codeigniter4-framework-30008a0\system\Database\BaseConnection.php(1428): CodeIgniter\Database\BaseConnection->listTables()
#5 C:\Users\Pierry\Desktop\Trabalho\CodeIgniterPHP\codeigniter4-framework-30008a0\system\Database\MigrationRunner.php(768): CodeIgniter\Database\BaseConnection->tableExists('migrations')
#6 C:\Users\Pierry\Desktop\Trabalho\CodeIgniterPHP\codeigniter4-framework-30008a0\system\Database\MigrationRunner.php(168): CodeIgniter\Database\MigrationRunner->ensureTable()
#7 C:\Users\Pierry\Desktop\Trabalho\CodeIgniterPHP\codeigniter4-framework-30008a0\system\Commands\Database\Migrate.php(84): CodeIgniter\Database\MigrationRunner->latest(NULL)
#8 C:\Users\Pierry\Desktop\Trabalho\CodeIgniterPHP\codeigniter4-framework-30008a0\system\CLI\Commands.php(65): CodeIgniter\Commands\Database\Migrate->run(Array)
#9 C:\Users\Pierry\Desktop\Trabalho\CodeIgniterPHP\codeigniter4-framework-30008a0\system\CLI\Console.php(37): CodeIgniter\CLI\Commands->run('migrate', Array)
#10 C:\Users\Pierry\Desktop\Trabalho\CodeIgniterPHP\codeigniter4-framework-30008a0\spark(102): CodeIgniter\CLI\Console->run()
#11 {main}

Next CodeIgniter\Database\Exceptions\DatabaseException: Access denied for user '****'@'localhost' (using password: YES) in C:\Users\Pierry\Desktop\Trabalho\CodeIgniterPHP\codeigniter4-framework-30008a0\system\Database\MySQLi\Connection.php:229
Stack trace:
#0 C:\Users\Pierry\Desktop\Trabalho\CodeIgniterPHP\codeigniter4-framework-30008a0\system\Database\BaseConnection.php(391): CodeIgniter\Database\MySQLi\Connection->connect(false)
#1 C:\Users\Pierry\Desktop\Trabalho\CodeIgniterPHP\codeigniter4-framework-30008a0\system\Database\BaseConnection.php(574): CodeIgniter\Database\BaseConnection->initialize()
#2 C:\Users\Pierry\Desktop\Trabalho\CodeIgniterPHP\codeigniter4-framework-30008a0\system\Database\BaseConnection.php(1409): CodeIgniter\Database\BaseConnection->query('SHOW TABLES FRO...')
#3 C:\Users\Pierry\Desktop\Trabalho\CodeIgniterPHP\codeigniter4-framework-30008a0\system\Database\BaseConnection.php(1428): CodeIgniter\Database\BaseConnection->listTables()
#4 C:\Users\Pierry\Desktop\Trabalho\CodeIgniterPHP\codeigniter4-framework-30008a0\system\Database\MigrationRunner.php(768): CodeIgniter\Database\BaseConnection->tableExists('migrations')
#5 C:\Users\Pierry\Desktop\Trabalho\CodeIgniterPHP\codeigniter4-framework-30008a0\system\Database\MigrationRunner.php(168): CodeIgniter\Database\MigrationRunner->ensureTable()
#6 C:\Users\Pierry\Desktop\Trabalho\CodeIgniterPHP\codeigniter4-framework-30008a0\system\Commands\Database\Migrate.php(84): CodeIgniter\Database\MigrationRunner->latest(NULL)
#7 C:\Users\Pierry\Desktop\Trabalho\CodeIgniterPHP\codeigniter4-framework-30008a0\system\CLI\Commands.php(65): CodeIgniter\Commands\Database\Migrate->run(Array)
#8 C:\Users\Pierry\Desktop\Trabalho\CodeIgniterPHP\codeigniter4-framework-30008a0\system\CLI\Console.php(37): CodeIgniter\CLI\Commands->run('migrate', Array)
#9 C:\Users\Pierry\Desktop\Trabalho\CodeIgniterPHP\codeigniter4-framework-30008a0\spark(102): CodeIgniter\CLI\Console->run()
#10 {main}
ERROR - 2023-09-04 08:49:43 --> Error connecting to the database: mysqli_sql_exception: Unknown database 'ci4' in C:\Users\Pierry\Desktop\Trabalho\CodeIgniterPHP\codeigniter4-framework-30008a0\system\Database\MySQLi\Connection.php:184
Stack trace:
#0 C:\Users\Pierry\Desktop\Trabalho\CodeIgniterPHP\codeigniter4-framework-30008a0\system\Database\MySQLi\Connection.php(184): mysqli->real_connect('localhost', 'root', Object(SensitiveParameterValue), 'ci4', 3306, '', 0)
#1 C:\Users\Pierry\Desktop\Trabalho\CodeIgniterPHP\codeigniter4-framework-30008a0\system\Database\BaseConnection.php(391): CodeIgniter\Database\MySQLi\Connection->connect(false)
#2 C:\Users\Pierry\Desktop\Trabalho\CodeIgniterPHP\codeigniter4-framework-30008a0\system\Database\BaseConnection.php(574): CodeIgniter\Database\BaseConnection->initialize()
#3 C:\Users\Pierry\Desktop\Trabalho\CodeIgniterPHP\codeigniter4-framework-30008a0\system\Database\BaseConnection.php(1409): CodeIgniter\Database\BaseConnection->query('SHOW TABLES FRO...')
#4 C:\Users\Pierry\Desktop\Trabalho\CodeIgniterPHP\codeigniter4-framework-30008a0\system\Database\BaseConnection.php(1428): CodeIgniter\Database\BaseConnection->listTables()
#5 C:\Users\Pierry\Desktop\Trabalho\CodeIgniterPHP\codeigniter4-framework-30008a0\system\Database\MigrationRunner.php(768): CodeIgniter\Database\BaseConnection->tableExists('migrations')
#6 C:\Users\Pierry\Desktop\Trabalho\CodeIgniterPHP\codeigniter4-framework-30008a0\system\Database\MigrationRunner.php(168): CodeIgniter\Database\MigrationRunner->ensureTable()
#7 C:\Users\Pierry\Desktop\Trabalho\CodeIgniterPHP\codeigniter4-framework-30008a0\system\Commands\Database\Migrate.php(84): CodeIgniter\Database\MigrationRunner->latest(NULL)
#8 C:\Users\Pierry\Desktop\Trabalho\CodeIgniterPHP\codeigniter4-framework-30008a0\system\CLI\Commands.php(65): CodeIgniter\Commands\Database\Migrate->run(Array)
#9 C:\Users\Pierry\Desktop\Trabalho\CodeIgniterPHP\codeigniter4-framework-30008a0\system\CLI\Console.php(37): CodeIgniter\CLI\Commands->run('migrate', Array)
#10 C:\Users\Pierry\Desktop\Trabalho\CodeIgniterPHP\codeigniter4-framework-30008a0\spark(102): CodeIgniter\CLI\Console->run()
#11 {main}

Next CodeIgniter\Database\Exceptions\DatabaseException: Unknown database 'ci4' in C:\Users\Pierry\Desktop\Trabalho\CodeIgniterPHP\codeigniter4-framework-30008a0\system\Database\MySQLi\Connection.php:229
Stack trace:
#0 C:\Users\Pierry\Desktop\Trabalho\CodeIgniterPHP\codeigniter4-framework-30008a0\system\Database\BaseConnection.php(391): CodeIgniter\Database\MySQLi\Connection->connect(false)
#1 C:\Users\Pierry\Desktop\Trabalho\CodeIgniterPHP\codeigniter4-framework-30008a0\system\Database\BaseConnection.php(574): CodeIgniter\Database\BaseConnection->initialize()
#2 C:\Users\Pierry\Desktop\Trabalho\CodeIgniterPHP\codeigniter4-framework-30008a0\system\Database\BaseConnection.php(1409): CodeIgniter\Database\BaseConnection->query('SHOW TABLES FRO...')
#3 C:\Users\Pierry\Desktop\Trabalho\CodeIgniterPHP\codeigniter4-framework-30008a0\system\Database\BaseConnection.php(1428): CodeIgniter\Database\BaseConnection->listTables()
#4 C:\Users\Pierry\Desktop\Trabalho\CodeIgniterPHP\codeigniter4-framework-30008a0\system\Database\MigrationRunner.php(768): CodeIgniter\Database\BaseConnection->tableExists('migrations')
#5 C:\Users\Pierry\Desktop\Trabalho\CodeIgniterPHP\codeigniter4-framework-30008a0\system\Database\MigrationRunner.php(168): CodeIgniter\Database\MigrationRunner->ensureTable()
#6 C:\Users\Pierry\Desktop\Trabalho\CodeIgniterPHP\codeigniter4-framework-30008a0\system\Commands\Database\Migrate.php(84): CodeIgniter\Database\MigrationRunner->latest(NULL)
#7 C:\Users\Pierry\Desktop\Trabalho\CodeIgniterPHP\codeigniter4-framework-30008a0\system\CLI\Commands.php(65): CodeIgniter\Commands\Database\Migrate->run(Array)
#8 C:\Users\Pierry\Desktop\Trabalho\CodeIgniterPHP\codeigniter4-framework-30008a0\system\CLI\Console.php(37): CodeIgniter\CLI\Commands->run('migrate', Array)
#9 C:\Users\Pierry\Desktop\Trabalho\CodeIgniterPHP\codeigniter4-framework-30008a0\spark(102): CodeIgniter\CLI\Console->run()
#10 {main}
CRITICAL - 2023-09-04 10:03:53 --> syntax error, unexpected token "endforeach", expecting "elseif" or "else" or "endif"
in APPPATH\Views\pages\notices.php on line 15.
 1 SYSTEMPATH\View\View.php(229): CodeIgniter\View\View->CodeIgniter\View\{closure}()
 2 SYSTEMPATH\Common.php(1178): CodeIgniter\View\View->render('pages/notices', [], true)
 3 APPPATH\Controllers\Pages.php(18): view('pages/notices')
 4 SYSTEMPATH\CodeIgniter.php(915): App\Controllers\Pages->mostrar('notices')
 5 SYSTEMPATH\CodeIgniter.php(492): CodeIgniter\CodeIgniter->runController(Object(App\Controllers\Pages))
 6 SYSTEMPATH\CodeIgniter.php(353): CodeIgniter\CodeIgniter->handleRequest(null, Object(Config\Cache), false)
 7 FCPATH\index.php(79): CodeIgniter\CodeIgniter->run()
 8 SYSTEMPATH\Commands\Server\rewrite.php(47): require_once('C:\\Users\\Pierry\\Desktop\\Trabalho\\CodeIgniterPHP\\codeigniter4-framework-30008a0\\public\\index.php')
CRITICAL - 2023-09-04 10:08:31 --> syntax error, unexpected token "endforeach", expecting "elseif" or "else" or "endif"
in APPPATH\Views\pages\notices.php on line 15.
 1 SYSTEMPATH\View\View.php(229): CodeIgniter\View\View->CodeIgniter\View\{closure}()
 2 SYSTEMPATH\Common.php(1178): CodeIgniter\View\View->render('pages/notices', [], true)
 3 APPPATH\Controllers\Notices.php(17): view('pages/notices', [...])
 4 SYSTEMPATH\CodeIgniter.php(915): App\Controllers\Notices->index()
 5 SYSTEMPATH\CodeIgniter.php(492): CodeIgniter\CodeIgniter->runController(Object(App\Controllers\Notices))
 6 SYSTEMPATH\CodeIgniter.php(353): CodeIgniter\CodeIgniter->handleRequest(null, Object(Config\Cache), false)
 7 FCPATH\index.php(79): CodeIgniter\CodeIgniter->run()
 8 SYSTEMPATH\Commands\Server\rewrite.php(47): require_once('C:\\Users\\Pierry\\Desktop\\Trabalho\\CodeIgniterPHP\\codeigniter4-framework-30008a0\\public\\index.php')
CRITICAL - 2023-09-04 10:09:31 --> syntax error, unexpected end of file, expecting "elseif" or "else" or "endif"
in APPPATH\Views\pages\notices.php on line 19.
 1 SYSTEMPATH\View\View.php(229): CodeIgniter\View\View->CodeIgniter\View\{closure}()
 2 SYSTEMPATH\Common.php(1178): CodeIgniter\View\View->render('pages/notices', [], true)
 3 APPPATH\Controllers\Notices.php(17): view('pages/notices', [...])
 4 SYSTEMPATH\CodeIgniter.php(915): App\Controllers\Notices->index()
 5 SYSTEMPATH\CodeIgniter.php(492): CodeIgniter\CodeIgniter->runController(Object(App\Controllers\Notices))
 6 SYSTEMPATH\CodeIgniter.php(353): CodeIgniter\CodeIgniter->handleRequest(null, Object(Config\Cache), false)
 7 FCPATH\index.php(79): CodeIgniter\CodeIgniter->run()
 8 SYSTEMPATH\Commands\Server\rewrite.php(47): require_once('C:\\Users\\Pierry\\Desktop\\Trabalho\\CodeIgniterPHP\\codeigniter4-framework-30008a0\\public\\index.php')
